<?xml version="1.0" encoding="UTF-8"?>
<!-- Generated by org.testng.reporters.JUnitReportReporter -->
<testsuite skipped="0" hostname="RAHMAN" name="advJavaStream.test1" tests="2" failures="0" timestamp="24 Jun 2020 00:07:48 GMT" time="0.345" errors="0">
  <testcase name="regular" time="0.021" classname="advJavaStream.test1"/>
  <testcase name="streamFiles" time="0.324" classname="advJavaStream.test1"/>
</testsuite> <!-- advJavaStream.test1 -->
